<?xml version="1.0" encoding="UTF-8"?>
<!-- Generated by org.testng.reporters.JUnitReportReporter -->
<testsuite hostname="krtech" failures="0" tests="1" name="com.test.SampleTest" time="3.139" errors="0" timestamp="27 Oct 2018 12:50:03 GMT" skipped="0">
  <testcase classname="com.test.SampleTest" name="Test1" time="3.139"/>
</testsuite> <!-- com.test.SampleTest -->
