<?xml version="1.0" encoding="UTF-8"?>
<!-- Generated by org.testng.reporters.JUnitReportReporter -->
<testsuite skipped="0" hostname="krtech" name="com.test.SampleTest" tests="1" failures="0" timestamp="05 May 2019 05:20:24 GMT" time="4.206" errors="0">
  <testcase name="Test1" time="4.206" classname="com.test.SampleTest"/>
</testsuite> <!-- com.test.SampleTest -->
